2025-03-22 23:23:39 [scrapy.utils.log] INFO: Scrapy 2.12.0 started (bot: tutorial)
2025-03-22 23:23:39 [scrapy.utils.log] INFO: Versions: lxml 5.3.1.0, libxml2 2.12.9, cssselect 1.3.0, parsel 1.10.0, w3lib 2.3.1, Twisted 24.11.0, Python 3.12.8 (v3.12.8:2dc476bcb91, Dec  3 2024, 14:43:19) [Clang 13.0.0 (clang-1300.0.29.30)], pyOpenSSL 25.0.0 (OpenSSL 3.4.1 11 Feb 2025), cryptography 44.0.2, Platform macOS-15.3.1-arm64-arm-64bit
2025-03-22 23:23:39 [scrapy.addons] INFO: Enabled addons:
[]
2025-03-22 23:23:39 [scrapy.extensions.telnet] INFO: Telnet Password: 9c449669365e89ed
2025-03-22 23:23:39 [scrapy.middleware] INFO: Enabled extensions:
['scrapy.extensions.corestats.CoreStats',
 'scrapy.extensions.telnet.TelnetConsole',
 'scrapy.extensions.memusage.MemoryUsage',
 'scrapy.extensions.logstats.LogStats']
2025-03-22 23:23:39 [scrapy.crawler] INFO: Overridden settings:
{'BOT_NAME': 'tutorial',
 'FEED_EXPORT_ENCODING': 'utf-8',
 'LOG_FILE': 'spider.log',
 'LOG_LEVEL': 'INFO',
 'NEWSPIDER_MODULE': 'tutorial.spiders',
 'RETRY_HTTP_CODES': [500, 502, 503, 504, 522, 524, 408, 429, 35],
 'RETRY_TIMES': 3,
 'SPIDER_MODULES': ['tutorial.spiders']}
2025-03-22 23:23:39 [scrapy.middleware] INFO: Enabled downloader middlewares:
['scrapy.downloadermiddlewares.offsite.OffsiteMiddleware',
 'scrapy.downloadermiddlewares.httpauth.HttpAuthMiddleware',
 'scrapy.downloadermiddlewares.downloadtimeout.DownloadTimeoutMiddleware',
 'scrapy.downloadermiddlewares.defaultheaders.DefaultHeadersMiddleware',
 'scrapy.downloadermiddlewares.useragent.UserAgentMiddleware',
 'scrapy.downloadermiddlewares.retry.RetryMiddleware',
 'scrapy.downloadermiddlewares.redirect.MetaRefreshMiddleware',
 'scrapy.downloadermiddlewares.httpcompression.HttpCompressionMiddleware',
 'scrapy.downloadermiddlewares.redirect.RedirectMiddleware',
 'scrapy.downloadermiddlewares.cookies.CookiesMiddleware',
 'scrapy.downloadermiddlewares.httpproxy.HttpProxyMiddleware',
 'scrapy.downloadermiddlewares.stats.DownloaderStats']
2025-03-22 23:23:39 [scrapy.middleware] INFO: Enabled spider middlewares:
['scrapy.spidermiddlewares.httperror.HttpErrorMiddleware',
 'scrapy.spidermiddlewares.referer.RefererMiddleware',
 'scrapy.spidermiddlewares.urllength.UrlLengthMiddleware',
 'scrapy.spidermiddlewares.depth.DepthMiddleware']
2025-03-22 23:23:39 [scrapy.middleware] INFO: Enabled item pipelines:
[]
2025-03-22 23:23:39 [scrapy.core.engine] INFO: Spider opened
2025-03-22 23:23:39 [scrapy.extensions.logstats] INFO: Crawled 0 pages (at 0 pages/min), scraped 0 items (at 0 items/min)
2025-03-22 23:23:39 [scrapy.extensions.telnet] INFO: Telnet console listening on 127.0.0.1:6023
2025-03-22 23:23:40 [scrapy.spidermiddlewares.httperror] INFO: Ignoring response <403 https://hr.163.com/job-list.html>: HTTP status code is not handled or not allowed
2025-03-22 23:23:40 [scrapy.core.engine] INFO: Closing spider (finished)
2025-03-22 23:23:40 [scrapy.statscollectors] INFO: Dumping Scrapy stats:
{'downloader/request_bytes': 1399,
 'downloader/request_count': 1,
 'downloader/request_method_count/GET': 1,
 'downloader/response_bytes': 331,
 'downloader/response_count': 1,
 'downloader/response_status_count/403': 1,
 'elapsed_time_seconds': 0.233709,
 'finish_reason': 'finished',
 'finish_time': datetime.datetime(2025, 3, 22, 15, 23, 40, 40007, tzinfo=datetime.timezone.utc),
 'httpcompression/response_bytes': 564,
 'httpcompression/response_count': 1,
 'httperror/response_ignored_count': 1,
 'httperror/response_ignored_status_count/403': 1,
 'items_per_minute': None,
 'log_count/INFO': 11,
 'memusage/max': 70975488,
 'memusage/startup': 70975488,
 'response_received_count': 1,
 'responses_per_minute': None,
 'scheduler/dequeued': 1,
 'scheduler/dequeued/memory': 1,
 'scheduler/enqueued': 1,
 'scheduler/enqueued/memory': 1,
 'start_time': datetime.datetime(2025, 3, 22, 15, 23, 39, 806298, tzinfo=datetime.timezone.utc)}
2025-03-22 23:23:40 [scrapy.core.engine] INFO: Spider closed (finished)
